Arguments: 
  D:\Node\node.exe C:\Users\weichi\AppData\Roaming\npm\node_modules\yarn\bin\yarn.js add jekey11

PATH: 
  D:\cuda\10.1\bin;D:\cuda\10.1\libnvvp;C:\Program Files (x86)\Intel\iCLS Client\;C:\Program Files\Intel\iCLS Client\;C:\Windows\system32;C:\Windows;C:\Windows\System32\Wbem;C:\Windows\System32\WindowsPowerShell\v1.0\;C:\Program Files (x86)\Intel\Intel(R) Management Engine Components\DAL;C:\Program Files\Intel\Intel(R) Management Engine Components\DAL;C:\Program Files (x86)\Intel\Intel(R) Management Engine Components\IPT;C:\Program Files\Intel\Intel(R) Management Engine Components\IPT;C:\Windows\System32\OpenSSH\;C:\Program Files\NVIDIA Corporation\NVIDIA NvDLISR;C:\Program Files\NVIDIA Corporation\Nsight Compute 2019.4.0\;D:\putty\;C:\Program Files\Git\cmd;C:\WINDOWS\system32;C:\WINDOWS;C:\WINDOWS\System32\Wbem;C:\WINDOWS\System32\WindowsPowerShell\v1.0\;C:\WINDOWS\System32\OpenSSH\;C:\Program Files\dotnet\;C:\Program Files\Microsoft SQL Server\130\Tools\Binn\;C:\Program Files\Microsoft SQL Server\Client SDK\ODBC\170\Tools\Binn\;C:\Program Files (x86)\NVIDIA Corporation\PhysX\Common;D:\Node\;C:\ProgramData\chocolatey\bin;%ANDROID_HOME%\platform-tools;%ANDROID_HOME%\emulator;%ANDROID_HOME%\tools;%ANDROID_HOME%\tools\bin;C:\Users\weichi\AppData\Roaming\Python\Python37\Scripts;D:\p373;C:\Users\weichi\AppData\Local\Microsoft\WindowsApps;D:\p373\Scripts;C:\Users\weichi\.dotnet\tools;C:\Users\weichi\AppData\Local\Android\Sdk\platform-tools;D:\android studio\jre\bin;C:\Users\weichi\AppData\Roaming\npm;D:\Geth;

Yarn version: 
  1.22.10

Node version: 
  14.17.1

Platform: 
  win32 x64

Trace: 
  Error: https://registry.yarnpkg.com/jekey11: Not found
      at Request.params.callback [as _callback] (C:\Users\weichi\AppData\Roaming\npm\node_modules\yarn\lib\cli.js:66988:18)
      at Request.self.callback (C:\Users\weichi\AppData\Roaming\npm\node_modules\yarn\lib\cli.js:140662:22)
      at Request.emit (events.js:375:28)
      at Request.<anonymous> (C:\Users\weichi\AppData\Roaming\npm\node_modules\yarn\lib\cli.js:141634:10)
      at Request.emit (events.js:375:28)
      at IncomingMessage.<anonymous> (C:\Users\weichi\AppData\Roaming\npm\node_modules\yarn\lib\cli.js:141556:12)
      at Object.onceWrapper (events.js:481:28)
      at IncomingMessage.emit (events.js:387:35)
      at endReadableNT (internal/streams/readable.js:1317:12)
      at processTicksAndRejections (internal/process/task_queues.js:82:21)

npm manifest: 
  {
    "scripts": {
      "report": "lighthouse http://127.0.0.1:4000",
      "build": "webpack --mode production",
      "format": "prettier . --check --write"
    },
    "dependencies": {
      "@primer/css": "^15.2.0",
      "font-awesome": "^4.7.0",
      "jquery": "^3.5.1",
      "jquery.toc": "^0.4.0",
      "lato-font": "^3.0.0",
      "material-design-icons": "^3.0.1",
      "material-design-lite": "^1.3.0",
      "mermaid": "^8.8.2",
      "roboto-fontface": "^0.10.0"
    },
    "devDependencies": {
      "@babel/core": "^7.12.3",
      "@babel/preset-env": "^7.12.1",
      "babel-loader": "^8.1.0",
      "css-loader": "^5.0.0",
      "lighthouse": "^6.4.1",
      "mini-css-extract-plugin": "^1.2.1",
      "prettier": "^2.1.2",
      "sass": "^1.27.1",
      "sass-loader": "^10.0.4",
      "webpack": "^5.3.0",
      "webpack-cli": "^4.1.0"
    }
  }

yarn manifest: 
  No manifest

Lockfile: 
  No lockfile
